<?xml version="1.0" encoding="UTF-8"?>
<!-- Generated by org.testng.reporters.JUnitXMLReporter -->
<testsuite ignored="0" hostname="FEUJI-V005D" failures="0" tests="3" name="Default test" time="75.787" errors="0" timestamp="2023-11-29T14:51:48 IST">
  <testcase classname="practicetestng.sample.OrangeHrmTesting" name="sideBarTesting" time="0.231"/>
  <testcase classname="practicetestng.sample.OrangeHrmTesting" name="adminPage" time="11.626"/>
  <testcase classname="practicetestng.sample.OrangeHrmTesting" name="pimPage" time="8.383">
    <skipped/>
  </testcase> <!-- pimPage -->
</testsuite> <!-- Default test -->
