<?xml version="1.0" encoding="UTF-8"?>
<!-- Generated by org.testng.reporters.JUnitXMLReporter -->
<testsuite ignored="0" hostname="FEUJI-V005D" failures="0" tests="3" name="Test" time="77.005" errors="0" timestamp="2024-01-24T14:55:14 IST">
  <testcase classname="practicetestng.sample.OrangeHrmTesting" name="sideBarTesting" time="0.238"/>
  <testcase classname="practicetestng.sample.OrangeHrmTesting" name="adminPage" time="11.795"/>
  <testcase classname="practicetestng.sample.OrangeHrmTesting" name="pimPage" time="8.329"/>
</testsuite> <!-- Test -->
