<?xml version="1.0" encoding="UTF-8"?>
<testng-results ignored="0" total="3" passed="3" failed="0" skipped="0">
  <reporter-output>
  </reporter-output>
  <suite started-at="2024-01-24T14:53:57 IST" name="Suite" finished-at="2024-01-24T14:55:14 IST" duration-ms="77005">
    <groups>
    </groups>
    <test started-at="2024-01-24T14:53:57 IST" name="Test" finished-at="2024-01-24T14:55:14 IST" duration-ms="77005">
      <class name="practicetestng.sample.OrangeHrmTesting">
        <test-method is-config="true" signature="getWebDriver()[pri:0, instance:practicetestng.sample.OrangeHrmTesting@183e8023]" started-at="2024-01-24T14:53:53 IST" name="getWebDriver" finished-at="2024-01-24T14:53:57 IST" duration-ms="3789" status="PASS">
          <reporter-output>
          </reporter-output>
        </test-method> <!-- getWebDriver -->
        <test-method is-config="true" signature="startReport()[pri:0, instance:practicetestng.sample.OrangeHrmTesting@183e8023]" started-at="2024-01-24T14:53:57 IST" name="startReport" finished-at="2024-01-24T14:53:57 IST" duration-ms="326" status="PASS">
          <reporter-output>
          </reporter-output>
        </test-method> <!-- startReport -->
        <test-method is-config="true" signature="launchApp()[pri:0, instance:practicetestng.sample.OrangeHrmTesting@183e8023]" started-at="2024-01-24T14:53:57 IST" name="launchApp" finished-at="2024-01-24T14:54:02 IST" depends-on-methods="practicetestng.base.Base.startReport" duration-ms="4846" status="PASS">
          <reporter-output>
          </reporter-output>
        </test-method> <!-- launchApp -->
        <test-method is-config="true" signature="loginApp()[pri:0, instance:practicetestng.sample.OrangeHrmTesting@183e8023]" started-at="2024-01-24T14:54:02 IST" name="loginApp" finished-at="2024-01-24T14:54:13 IST" duration-ms="10672" status="PASS">
          <reporter-output>
          </reporter-output>
        </test-method> <!-- loginApp -->
        <test-method signature="sideBarTesting()[pri:1, instance:practicetestng.sample.OrangeHrmTesting@183e8023]" started-at="2024-01-24T14:54:13 IST" name="sideBarTesting" finished-at="2024-01-24T14:54:13 IST" duration-ms="238" status="PASS">
          <reporter-output>
          </reporter-output>
        </test-method> <!-- sideBarTesting -->
        <test-method is-config="true" signature="logoutApp()[pri:0, instance:practicetestng.sample.OrangeHrmTesting@183e8023]" started-at="2024-01-24T14:54:13 IST" name="logoutApp" finished-at="2024-01-24T14:54:19 IST" duration-ms="5862" status="PASS">
          <reporter-output>
          </reporter-output>
        </test-method> <!-- logoutApp -->
        <test-method is-config="true" signature="getResult(org.testng.ITestResult)[pri:0, instance:practicetestng.sample.OrangeHrmTesting@183e8023]" started-at="2024-01-24T14:54:19 IST" name="getResult" finished-at="2024-01-24T14:54:19 IST" duration-ms="15" status="PASS">
          <params>
            <param index="0">
              <value>
                <![CDATA[[TestResult name=sideBarTesting status=SUCCESS method=OrangeHrmTesting.sideBarTesting()[pri:1, instance:practicetestng.sample.OrangeHrmTesting@183e8023] output={null}]]]>
              </value>
            </param>
          </params>
          <reporter-output>
          </reporter-output>
        </test-method> <!-- getResult -->
        <test-method is-config="true" signature="loginApp()[pri:0, instance:practicetestng.sample.OrangeHrmTesting@183e8023]" started-at="2024-01-24T14:54:19 IST" name="loginApp" finished-at="2024-01-24T14:54:30 IST" duration-ms="11448" status="PASS">
          <reporter-output>
          </reporter-output>
        </test-method> <!-- loginApp -->
        <test-method signature="adminPage()[pri:2, instance:practicetestng.sample.OrangeHrmTesting@183e8023]" started-at="2024-01-24T14:54:30 IST" name="adminPage" finished-at="2024-01-24T14:54:42 IST" duration-ms="11795" status="PASS">
          <reporter-output>
          </reporter-output>
        </test-method> <!-- adminPage -->
        <test-method is-config="true" signature="logoutApp()[pri:0, instance:practicetestng.sample.OrangeHrmTesting@183e8023]" started-at="2024-01-24T14:54:42 IST" name="logoutApp" finished-at="2024-01-24T14:54:48 IST" duration-ms="5807" status="PASS">
          <reporter-output>
          </reporter-output>
        </test-method> <!-- logoutApp -->
        <test-method is-config="true" signature="getResult(org.testng.ITestResult)[pri:0, instance:practicetestng.sample.OrangeHrmTesting@183e8023]" started-at="2024-01-24T14:54:48 IST" name="getResult" finished-at="2024-01-24T14:54:48 IST" duration-ms="1" status="PASS">
          <params>
            <param index="0">
              <value>
                <![CDATA[[TestResult name=adminPage status=SUCCESS method=OrangeHrmTesting.adminPage()[pri:2, instance:practicetestng.sample.OrangeHrmTesting@183e8023] output={null}]]]>
              </value>
            </param>
          </params>
          <reporter-output>
          </reporter-output>
        </test-method> <!-- getResult -->
        <test-method is-config="true" signature="loginApp()[pri:0, instance:practicetestng.sample.OrangeHrmTesting@183e8023]" started-at="2024-01-24T14:54:48 IST" name="loginApp" finished-at="2024-01-24T14:54:59 IST" duration-ms="11478" status="PASS">
          <reporter-output>
          </reporter-output>
        </test-method> <!-- loginApp -->
        <test-method signature="pimPage()[pri:3, instance:practicetestng.sample.OrangeHrmTesting@183e8023]" started-at="2024-01-24T14:54:59 IST" name="pimPage" finished-at="2024-01-24T14:55:08 IST" duration-ms="8329" status="PASS">
          <reporter-output>
          </reporter-output>
        </test-method> <!-- pimPage -->
        <test-method is-config="true" signature="logoutApp()[pri:0, instance:practicetestng.sample.OrangeHrmTesting@183e8023]" started-at="2024-01-24T14:55:08 IST" name="logoutApp" finished-at="2024-01-24T14:55:14 IST" duration-ms="5821" status="PASS">
          <reporter-output>
          </reporter-output>
        </test-method> <!-- logoutApp -->
        <test-method is-config="true" signature="getResult(org.testng.ITestResult)[pri:0, instance:practicetestng.sample.OrangeHrmTesting@183e8023]" started-at="2024-01-24T14:55:14 IST" name="getResult" finished-at="2024-01-24T14:55:14 IST" duration-ms="2" status="PASS">
          <params>
            <param index="0">
              <value>
                <![CDATA[[TestResult name=pimPage status=SUCCESS method=OrangeHrmTesting.pimPage()[pri:3, instance:practicetestng.sample.OrangeHrmTesting@183e8023] output={null}]]]>
              </value>
            </param>
          </params>
          <reporter-output>
          </reporter-output>
        </test-method> <!-- getResult -->
        <test-method is-config="true" signature="endReport()[pri:0, instance:practicetestng.sample.OrangeHrmTesting@183e8023]" started-at="2024-01-24T14:55:14 IST" name="endReport" finished-at="2024-01-24T14:55:14 IST" duration-ms="305" status="PASS">
          <reporter-output>
          </reporter-output>
        </test-method> <!-- endReport -->
        <test-method is-config="true" signature="tearDown()[pri:0, instance:practicetestng.sample.OrangeHrmTesting@183e8023]" started-at="2024-01-24T14:55:14 IST" name="tearDown" finished-at="2024-01-24T14:55:15 IST" duration-ms="892" status="PASS">
          <reporter-output>
          </reporter-output>
        </test-method> <!-- tearDown -->
      </class> <!-- practicetestng.sample.OrangeHrmTesting -->
    </test> <!-- Test -->
  </suite> <!-- Suite -->
</testng-results>
